<?xml version="1.0" encoding="UTF-8"?>
<testsuite name="com.example.alakey.tile.TileContractTest" tests="6" skipped="0" failures="0" errors="0" timestamp="2026-08-23T20:26:49.699Z" hostname="M.local" time="0.015">
  <properties/>
  <testcase name="round trips every field" classname="com.example.alakey.tile.TileContractTest" time="0.013"/>
  <testcase name="round trips empty metadata" classname="com.example.alakey.tile.TileContractTest" time="0.001"/>
  <testcase name="rejects unknown version" classname="com.example.alakey.tile.TileContractTest" time="0.0"/>
  <testcase name="rejects null empty and truncated frames" classname="com.example.alakey.tile.TileContractTest" time="0.0"/>
  <testcase name="timestamp makes frames unique so the data layer never dedupes a push" classname="com.example.alakey.tile.TileContractTest" time="0.0"/>
  <testcase name="rejects corrupt numbers and booleans" classname="com.example.alakey.tile.TileContractTest" time="0.001"/>
  <system-out><![CDATA[]]></system-out>
  <system-err><![CDATA[]]></system-err>
</testsuite>
